<?xml version="1.0" encoding="UTF-8"?>
<testng-results ignored="0" total="1" passed="1" failed="0" skipped="0">
  <reporter-output>
  </reporter-output>
  <suite started-at="2021-02-19T18:29:08Z" name="Default suite" finished-at="2021-02-19T18:29:09Z" duration-ms="515">
    <groups>
    </groups>
    <test started-at="2021-02-19T18:29:08Z" name="Default test" finished-at="2021-02-19T18:29:09Z" duration-ms="515">
      <class name="com.api.tests.ExcelTests">
        <test-method is-config="true" signature="setUp()[pri:0, instance:com.api.tests.ExcelTests@6736fa8d]" started-at="2021-02-19T23:59:08Z" name="setUp" finished-at="2021-02-19T23:59:09Z" duration-ms="483" status="PASS">
          <reporter-output>
          </reporter-output>
        </test-method> <!-- setUp -->
        <test-method signature="printValues()[pri:0, instance:com.api.tests.ExcelTests@6736fa8d]" started-at="2021-02-19T23:59:09Z" name="printValues" finished-at="2021-02-19T23:59:09Z" duration-ms="14" status="PASS">
          <reporter-output>
          </reporter-output>
        </test-method> <!-- printValues -->
      </class> <!-- com.api.tests.ExcelTests -->
    </test> <!-- Default test -->
  </suite> <!-- Default suite -->
</testng-results>
